2026-03-31 11:48:22,083 [INFO] app.api.auth: [TIMING] onboarding.birth_data_save=1.17s user=85100346-f933-4b1b-9fb1-573b59f0d1bc
2026-03-31 11:48:26,496 [INFO] app.api.auth: [TIMING] onboarding.layer1_chart=4.41s user=85100346-f933-4b1b-9fb1-573b59f0d1bc
2026-03-31 11:50:09,424 [INFO] app.api.auth: [TIMING] onboarding.layer2_sphere_1=102.93s user=85100346-f933-4b1b-9fb1-573b59f0d1bc
2026-03-31 11:51:56,013 [INFO] app.api.auth: [TIMING] onboarding.layer2_sphere_2=106.59s user=85100346-f933-4b1b-9fb1-573b59f0d1bc
2026-03-31 11:51:56,013 [INFO] app.api.auth: [TIMING] onboarding.layer3_synthesis=0.00s user=85100346-f933-4b1b-9fb1-573b59f0d1bc
2026-03-31 11:52:07,630 [INFO] app.api.auth: [TIMING] onboarding.layer4_portrait=11.62s user=85100346-f933-4b1b-9fb1-573b59f0d1bc
2026-03-31 11:52:09,498 [INFO] app.api.auth: [TIMING] onboarding.layer5_save=1.87s user=85100346-f933-4b1b-9fb1-573b59f0d1bc
2026-03-31 11:52:10,020 [INFO] app.api.auth: [TIMING] onboarding.mark_done=0.52s user=85100346-f933-4b1b-9fb1-573b59f0d1bc
2026-03-31 11:52:10,020 [INFO] app.api.auth: [TIMING] onboarding.total=229.11s user=85100346-f933-4b1b-9fb1-573b59f0d1bc
2026-03-31 18:46:59,357 [INFO] app.api.auth: [TIMING] onboarding.birth_data_save=1.54s user=85100346-f933-4b1b-9fb1-573b59f0d1bc
2026-03-31 18:47:04,833 [INFO] app.api.auth: [TIMING] onboarding.layer1_chart=5.47s user=85100346-f933-4b1b-9fb1-573b59f0d1bc
2026-03-31 18:49:49,176 [INFO] app.api.auth: [TIMING] onboarding.layer2_sphere_1=164.34s user=85100346-f933-4b1b-9fb1-573b59f0d1bc
2026-03-31 18:52:45,929 [INFO] app.api.auth: [TIMING] onboarding.layer2_sphere_2=176.74s user=85100346-f933-4b1b-9fb1-573b59f0d1bc
2026-03-31 18:52:45,930 [INFO] app.api.auth: [TIMING] onboarding.layer3_synthesis=0.00s user=85100346-f933-4b1b-9fb1-573b59f0d1bc
2026-03-31 18:52:51,679 [INFO] app.api.auth: [TIMING] onboarding.layer4_portrait=5.75s user=85100346-f933-4b1b-9fb1-573b59f0d1bc
2026-03-31 18:52:53,733 [INFO] app.api.auth: [TIMING] onboarding.layer5_save=2.05s user=85100346-f933-4b1b-9fb1-573b59f0d1bc
2026-03-31 18:52:54,280 [INFO] app.api.auth: [TIMING] onboarding.mark_done=0.55s user=85100346-f933-4b1b-9fb1-573b59f0d1bc
2026-03-31 18:52:54,281 [INFO] app.api.auth: [TIMING] onboarding.total=356.45s user=85100346-f933-4b1b-9fb1-573b59f0d1bc
2026-03-31 19:37:44,326 [INFO] app.api.auth: [TIMING] onboarding.birth_data_save=0.91s user=85100346-f933-4b1b-9fb1-573b59f0d1bc
2026-03-31 19:37:50,380 [INFO] app.api.auth: [TIMING] onboarding.layer1_chart=6.05s user=85100346-f933-4b1b-9fb1-573b59f0d1bc
2026-03-31 19:40:55,886 [INFO] app.api.auth: [TIMING] onboarding.layer2_sphere_1=185.51s user=85100346-f933-4b1b-9fb1-573b59f0d1bc
2026-03-31 19:43:48,436 [INFO] app.api.auth: [TIMING] onboarding.layer2_sphere_2=172.52s user=85100346-f933-4b1b-9fb1-573b59f0d1bc
2026-03-31 19:43:48,436 [INFO] app.api.auth: [TIMING] onboarding.layer3_synthesis=0.00s user=85100346-f933-4b1b-9fb1-573b59f0d1bc
2026-03-31 19:43:54,430 [INFO] app.api.auth: [TIMING] onboarding.layer4_portrait=5.99s user=85100346-f933-4b1b-9fb1-573b59f0d1bc
2026-03-31 19:43:56,200 [INFO] app.api.auth: [TIMING] onboarding.layer5_save=1.77s user=85100346-f933-4b1b-9fb1-573b59f0d1bc
2026-03-31 19:43:58,025 [INFO] app.api.auth: [TIMING] onboarding.mark_done=1.83s user=85100346-f933-4b1b-9fb1-573b59f0d1bc
2026-03-31 19:43:58,026 [INFO] app.api.auth: [TIMING] onboarding.total=374.58s user=85100346-f933-4b1b-9fb1-573b59f0d1bc
2026-04-01 10:30:55,800 [INFO] app.api.auth: [TIMING] onboarding.birth_data_save=1.54s user=85100346-f933-4b1b-9fb1-573b59f0d1bc
2026-04-01 10:31:03,422 [INFO] app.api.auth: [TIMING] onboarding.layer1_chart=7.62s user=85100346-f933-4b1b-9fb1-573b59f0d1bc
2026-04-01 10:31:41,740 [INFO] app.api.auth: [TIMING] onboarding.layer2_sphere_1=38.32s user=85100346-f933-4b1b-9fb1-573b59f0d1bc
2026-04-01 10:32:13,357 [INFO] app.api.auth: [TIMING] onboarding.layer2_sphere_2=31.62s user=85100346-f933-4b1b-9fb1-573b59f0d1bc
2026-04-01 10:32:13,357 [INFO] app.api.auth: [TIMING] onboarding.layer3_synthesis=0.00s user=85100346-f933-4b1b-9fb1-573b59f0d1bc
2026-04-01 10:32:20,192 [INFO] app.api.auth: [TIMING] onboarding.layer4_portrait=6.83s user=85100346-f933-4b1b-9fb1-573b59f0d1bc
2026-04-01 10:32:21,937 [INFO] app.api.auth: [TIMING] onboarding.layer5_save=1.74s user=85100346-f933-4b1b-9fb1-573b59f0d1bc
2026-04-01 10:32:22,464 [INFO] app.api.auth: [TIMING] onboarding.mark_done=0.53s user=85100346-f933-4b1b-9fb1-573b59f0d1bc
2026-04-01 10:32:22,464 [INFO] app.api.auth: [TIMING] onboarding.total=88.21s user=85100346-f933-4b1b-9fb1-573b59f0d1bc
